<?xml version="1.0" encoding="UTF-8"?>
<testng-results skipped="0" failed="0" ignored="0" total="1" passed="1">
  <reporter-output>
  </reporter-output>
  <suite name="bankV1" duration-ms="40822" started-at="2019-03-29T14:27:27Z" finished-at="2019-03-29T14:28:07Z">
    <groups>
    </groups>
    <test name="BankingApp Test" duration-ms="40822" started-at="2019-03-29T14:27:27Z" finished-at="2019-03-29T14:28:07Z">
      <class name="testCases.TC_AddCustomerTest_003">
        <test-method status="PASS" signature="setup(java.lang.String)[pri:0, instance:testCases.TC_AddCustomerTest_003@6a4f787b]" name="setup" is-config="true" duration-ms="12428" started-at="2019-03-29T19:57:27Z" finished-at="2019-03-29T19:57:39Z">
          <params>
            <param index="0">
              <value>
                <![CDATA[chrome]]>
              </value>
            </param>
          </params>
          <reporter-output>
          </reporter-output>
        </test-method> <!-- setup -->
        <test-method status="PASS" signature="addNewCustomer()[pri:0, instance:testCases.TC_AddCustomerTest_003@6a4f787b]" name="addNewCustomer" duration-ms="28112" started-at="2019-03-29T19:57:39Z" finished-at="2019-03-29T19:58:07Z">
          <reporter-output>
          </reporter-output>
        </test-method> <!-- addNewCustomer -->
        <test-method status="PASS" signature="tearDown()[pri:0, instance:testCases.TC_AddCustomerTest_003@6a4f787b]" name="tearDown" is-config="true" duration-ms="0" started-at="2019-03-29T19:58:07Z" finished-at="2019-03-29T19:58:07Z">
          <reporter-output>
          </reporter-output>
        </test-method> <!-- tearDown -->
      </class> <!-- testCases.TC_AddCustomerTest_003 -->
    </test> <!-- BankingApp Test -->
  </suite> <!-- bankV1 -->
</testng-results>
